67.0 APEX_CODE,FINEST;APEX_PROFILING,FINE;CALLOUT,INFO;DATA_ACCESS,INFO;DB,FINEST;NBA,INFO;SYSTEM,DEBUG;VALIDATION,INFO;VISUALFORCE,FINER;WAVE,INFO;WORKFLOW,FINE
08:05:03.0 (798309)|USER_INFO|[EXTERNAL]|005Ec00000ZXoEn|nikhil.gaurav@cloudcacheconsulting.com|(GMT-04:00) Eastern Daylight Time (America/New_York)|GMT-04:00
08:05:03.0 (832779)|EXECUTION_STARTED
08:05:03.0 (845298)|CODE_UNIT_STARTED|[EXTERNAL]|apex://LMSGradingController/ACTION$getPendingCount
08:05:03.0 (2283093)|CODE_UNIT_STARTED|[EXTERNAL]|01pEc00000wwJW4|LMSGradingController.getPendingCount()
08:05:03.0 (2568890)|HEAP_ALLOCATE|[95]|Bytes:3
08:05:03.0 (2646352)|HEAP_ALLOCATE|[100]|Bytes:152
08:05:03.0 (2695332)|HEAP_ALLOCATE|[417]|Bytes:408
08:05:03.0 (2706794)|HEAP_ALLOCATE|[430]|Bytes:408
08:05:03.0 (2726209)|HEAP_ALLOCATE|[317]|Bytes:6
08:05:03.0 (2736238)|HEAP_ALLOCATE|[EXTERNAL]|Bytes:12
08:05:03.0 (2745828)|METHOD_ENTRY|[1]|01pEc00000wwJW4|LMSGradingController.LMSGradingController()
08:05:03.0 (2753014)|STATEMENT_EXECUTE|[1]
08:05:03.0 (2757486)|STATEMENT_EXECUTE|[1]
08:05:03.0 (2773283)|HEAP_ALLOCATE|[68]|Bytes:5
08:05:03.0 (2793030)|HEAP_ALLOCATE|[74]|Bytes:5
08:05:03.0 (2797760)|HEAP_ALLOCATE|[82]|Bytes:7
08:05:03.0 (3107812)|HEAP_ALLOCATE|[EXTERNAL]|Bytes:5
08:05:03.0 (3119596)|METHOD_EXIT|[1]|LMSGradingController
08:05:03.0 (3128845)|HEAP_ALLOCATE|[5]|Bytes:5
08:05:03.0 (3131341)|STATEMENT_EXECUTE|[4]
08:05:03.0 (3132141)|STATEMENT_EXECUTE|[5]
08:05:03.0 (3134069)|HEAP_ALLOCATE|[5]|Bytes:82
08:05:03.0 (3171316)|HEAP_ALLOCATE|[5]|Bytes:4
08:05:03.0 (13132415)|SOQL_EXECUTE_BEGIN|[5]|Aggregations:0|SELECT COUNT() FROM LMS_Quiz_Attempt__c WHERE Grading_Status__c = 'Pending Review'
08:05:03.0 (36209353)|SOQL_EXECUTE_EXPLAIN|[5]|TableScan on LMS_Quiz_Attempt__c : [], cardinality: 0, sobjectCardinality: 1, relativeCost 0
08:05:03.0 (36237914)|SOQL_EXECUTE_END|[5]|Rows:1
08:05:03.0 (36282989)|HEAP_ALLOCATE|[5]|Bytes:4
08:05:03.0 (36303396)|HEAP_ALLOCATE|[5]|Bytes:4
08:05:03.0 (36313870)|HEAP_ALLOCATE|[5]|Bytes:4
08:05:03.36 (36383750)|CUMULATIVE_LIMIT_USAGE
08:05:03.36 (36383750)|LIMIT_USAGE_FOR_NS|(default)|
  Number of SOQL queries: 1 out of 100
  Number of query rows: 1 out of 50000
  Number of SOSL queries: 0 out of 20
  Number of DML statements: 0 out of 0
  Number of Publish Immediate DML: 0 out of 150
  Number of DML rows: 0 out of 10000
  Maximum CPU time: 0 out of 10000
  Maximum heap size: 0 out of 6000000
  Number of callouts: 0 out of 100
  Number of Email Invocations: 0 out of 10
  Number of future calls: 0 out of 50
  Number of queueable jobs added to the queue: 0 out of 50
  Number of Mobile Apex push calls: 0 out of 10

08:05:03.36 (36383750)|TOTAL_EMAIL_RECIPIENTS_QUEUED|0
08:05:03.36 (36383750)|STATIC_VARIABLE_LIST|
  int:BYTES:0
  int:BYTES:0
  byte[]:DigitOnes:0
  byte[]:DigitTens:0
  Boolean:FALSE:0
  int:MAX_EXPONENT:0
  double:MAX_VALUE:0
  int:MAX_VALUE:0
  int:MIN_EXPONENT:0
  double:MIN_NORMAL:0
  double:MIN_VALUE:0
  int:MIN_VALUE:0
  double:NEGATIVE_INFINITY:0
  double:NaN:0
  double:POSITIVE_INFINITY:0
  int:PRECISION:0
  int:SIZE:0
  int:SIZE:0
  Boolean:TRUE:0
  String:_sfdcAdditionalCodeLocations:0
  char[]:digits:0
  long:serialVersionUID:0
  long:serialVersionUID:0
  long:serialVersionUID:0

08:05:03.36 (36383750)|CUMULATIVE_LIMIT_USAGE_END

08:05:03.0 (38336911)|CODE_UNIT_FINISHED|LMSGradingController.getPendingCount()
08:05:03.38 (38359244)|CUMULATIVE_PROFILING_BEGIN
08:05:03.38 (38359244)|CUMULATIVE_PROFILING|SOQL operations|
Class.LMSGradingController.getPendingCount: line 5, column 1: [SELECT COUNT() FROM LMS_Quiz_Attempt__c WHERE Grading_Status__c = 'Pending Review']: executed 1 time in 33 ms

08:05:03.38 (38359244)|CUMULATIVE_PROFILING|No profiling information for SOSL operations
08:05:03.38 (38359244)|CUMULATIVE_PROFILING|No profiling information for DML operations
08:05:03.38 (38359244)|CUMULATIVE_PROFILING|method invocations|
External entry point: public static Integer getPendingCount(): executed 1 time in 34 ms

08:05:03.38 (38359244)|CUMULATIVE_PROFILING_END
08:05:03.0 (38664988)|CODE_UNIT_FINISHED|apex://LMSGradingController/ACTION$getPendingCount
08:05:03.0 (38670896)|EXECUTION_FINISHED
