66.0 APEX_CODE,FINEST;APEX_PROFILING,FINE;CALLOUT,INFO;DATA_ACCESS,INFO;DB,FINEST;NBA,INFO;SYSTEM,DEBUG;VALIDATION,INFO;VISUALFORCE,FINER;WAVE,INFO;WORKFLOW,FINE
03:47:53.0 (975216)|USER_INFO|[EXTERNAL]|005Ec00000ZXoEn|nikhil.gaurav@cloudcacheconsulting.com|(GMT-04:00) Eastern Daylight Time (America/New_York)|GMT-04:00
03:47:53.0 (1008527)|EXECUTION_STARTED
03:47:53.0 (1018228)|CODE_UNIT_STARTED|[EXTERNAL]|apex://LMSGradingController/ACTION$getPendingCount
03:47:53.0 (1733330)|CODE_UNIT_STARTED|[EXTERNAL]|01pEc00000wwJW4|LMSGradingController.getPendingCount()
03:47:53.0 (2048741)|HEAP_ALLOCATE|[95]|Bytes:3
03:47:53.0 (2127172)|HEAP_ALLOCATE|[100]|Bytes:152
03:47:53.0 (2140900)|HEAP_ALLOCATE|[417]|Bytes:408
03:47:53.0 (2151143)|HEAP_ALLOCATE|[430]|Bytes:408
03:47:53.0 (2170742)|HEAP_ALLOCATE|[317]|Bytes:6
03:47:53.0 (2180586)|HEAP_ALLOCATE|[EXTERNAL]|Bytes:12
03:47:53.0 (2191039)|METHOD_ENTRY|[1]|01pEc00000wwJW4|LMSGradingController.LMSGradingController()
03:47:53.0 (2195331)|STATEMENT_EXECUTE|[1]
03:47:53.0 (2200877)|STATEMENT_EXECUTE|[1]
03:47:53.0 (2221194)|HEAP_ALLOCATE|[68]|Bytes:5
03:47:53.0 (2245473)|HEAP_ALLOCATE|[74]|Bytes:5
03:47:53.0 (2249823)|HEAP_ALLOCATE|[82]|Bytes:7
03:47:53.0 (2510510)|HEAP_ALLOCATE|[EXTERNAL]|Bytes:5
03:47:53.0 (2524401)|METHOD_EXIT|[1]|LMSGradingController
03:47:53.0 (2535013)|HEAP_ALLOCATE|[5]|Bytes:5
03:47:53.0 (2537318)|STATEMENT_EXECUTE|[4]
03:47:53.0 (2538363)|STATEMENT_EXECUTE|[5]
03:47:53.0 (2540407)|HEAP_ALLOCATE|[5]|Bytes:82
03:47:53.0 (2558919)|HEAP_ALLOCATE|[5]|Bytes:4
03:47:53.0 (4449647)|SOQL_EXECUTE_BEGIN|[5]|Aggregations:0|SELECT COUNT() FROM LMS_Quiz_Attempt__c WHERE Grading_Status__c = 'Pending Review'
03:47:53.0 (32650432)|SOQL_EXECUTE_EXPLAIN|[5]|TableScan on LMS_Quiz_Attempt__c : [], cardinality: 0, sobjectCardinality: 1, relativeCost 0
03:47:53.0 (32681002)|SOQL_EXECUTE_END|[5]|Rows:0
03:47:53.0 (32729511)|HEAP_ALLOCATE|[5]|Bytes:4
03:47:53.0 (32756513)|HEAP_ALLOCATE|[5]|Bytes:4
03:47:53.0 (32771555)|HEAP_ALLOCATE|[5]|Bytes:4
03:47:53.32 (32832751)|CUMULATIVE_LIMIT_USAGE
03:47:53.32 (32832751)|LIMIT_USAGE_FOR_NS|(default)|
  Number of SOQL queries: 1 out of 100
  Number of query rows: 1 out of 50000
  Number of SOSL queries: 0 out of 20
  Number of DML statements: 0 out of 0
  Number of Publish Immediate DML: 0 out of 150
  Number of DML rows: 0 out of 10000
  Maximum CPU time: 0 out of 10000
  Maximum heap size: 0 out of 6000000
  Number of callouts: 0 out of 100
  Number of Email Invocations: 0 out of 10
  Number of future calls: 0 out of 50
  Number of queueable jobs added to the queue: 0 out of 50
  Number of Mobile Apex push calls: 0 out of 10

03:47:53.32 (32832751)|TOTAL_EMAIL_RECIPIENTS_QUEUED|0
03:47:53.32 (32832751)|STATIC_VARIABLE_LIST|
  int:BYTES:0
  int:BYTES:0
  byte[]:DigitOnes:0
  byte[]:DigitTens:0
  Boolean:FALSE:0
  int:MAX_EXPONENT:0
  double:MAX_VALUE:0
  int:MAX_VALUE:0
  int:MIN_EXPONENT:0
  double:MIN_NORMAL:0
  double:MIN_VALUE:0
  int:MIN_VALUE:0
  double:NEGATIVE_INFINITY:0
  double:NaN:0
  double:POSITIVE_INFINITY:0
  int:PRECISION:0
  int:SIZE:0
  int:SIZE:0
  Boolean:TRUE:0
  String:_sfdcAdditionalCodeLocations:0
  char[]:digits:0
  long:serialVersionUID:0
  long:serialVersionUID:0
  long:serialVersionUID:0

03:47:53.32 (32832751)|CUMULATIVE_LIMIT_USAGE_END

03:47:53.0 (35011179)|CODE_UNIT_FINISHED|LMSGradingController.getPendingCount()
03:47:53.35 (35038893)|CUMULATIVE_PROFILING_BEGIN
03:47:53.35 (35038893)|CUMULATIVE_PROFILING|SOQL operations|
Class.LMSGradingController.getPendingCount: line 5, column 1: [SELECT COUNT() FROM LMS_Quiz_Attempt__c WHERE Grading_Status__c = 'Pending Review']: executed 1 time in 30 ms

03:47:53.35 (35038893)|CUMULATIVE_PROFILING|No profiling information for SOSL operations
03:47:53.35 (35038893)|CUMULATIVE_PROFILING|No profiling information for DML operations
03:47:53.35 (35038893)|CUMULATIVE_PROFILING|method invocations|
External entry point: public static Integer getPendingCount(): executed 1 time in 31 ms

03:47:53.35 (35038893)|CUMULATIVE_PROFILING_END
03:47:53.0 (35347018)|CODE_UNIT_FINISHED|apex://LMSGradingController/ACTION$getPendingCount
03:47:53.0 (35355483)|EXECUTION_FINISHED
