66.0 APEX_CODE,FINEST;APEX_PROFILING,FINE;CALLOUT,INFO;DATA_ACCESS,INFO;DB,FINEST;NBA,INFO;SYSTEM,DEBUG;VALIDATION,INFO;VISUALFORCE,FINER;WAVE,INFO;WORKFLOW,FINE
07:06:13.0 (924840)|USER_INFO|[EXTERNAL]|005Ec00000ZXoEn|nikhil.gaurav@cloudcacheconsulting.com|(GMT-04:00) Eastern Daylight Time (America/New_York)|GMT-04:00
07:06:13.0 (960248)|EXECUTION_STARTED
07:06:13.0 (975210)|CODE_UNIT_STARTED|[EXTERNAL]|apex://LMSCourseController/ACTION$getDashboardStats
07:06:13.0 (1947145)|CODE_UNIT_STARTED|[EXTERNAL]|01pEc00000w5hao|LMSCourseController.getDashboardStats()
07:06:13.0 (2262844)|HEAP_ALLOCATE|[95]|Bytes:3
07:06:13.0 (2324969)|HEAP_ALLOCATE|[100]|Bytes:152
07:06:13.0 (2338026)|HEAP_ALLOCATE|[417]|Bytes:408
07:06:13.0 (2349333)|HEAP_ALLOCATE|[430]|Bytes:408
07:06:13.0 (2368348)|HEAP_ALLOCATE|[317]|Bytes:6
07:06:13.0 (2377317)|HEAP_ALLOCATE|[EXTERNAL]|Bytes:36
07:06:13.0 (2398077)|METHOD_ENTRY|[1]|01pEc00000w5hao|LMSCourseController.LMSCourseController()
07:06:13.0 (2404097)|STATEMENT_EXECUTE|[1]
07:06:13.0 (2411412)|STATEMENT_EXECUTE|[1]
07:06:13.0 (2429559)|HEAP_ALLOCATE|[68]|Bytes:5
07:06:13.0 (2446314)|HEAP_ALLOCATE|[74]|Bytes:5
07:06:13.0 (2451487)|HEAP_ALLOCATE|[82]|Bytes:7
07:06:13.0 (2809954)|HEAP_ALLOCATE|[EXTERNAL]|Bytes:5
07:06:13.0 (2822872)|METHOD_EXIT|[1]|LMSCourseController
07:06:13.0 (2835694)|HEAP_ALLOCATE|[5]|Bytes:5
07:06:13.0 (2838376)|STATEMENT_EXECUTE|[4]
07:06:13.0 (2839596)|STATEMENT_EXECUTE|[5]
07:06:13.0 (2848843)|HEAP_ALLOCATE|[5]|Bytes:4
07:06:13.0 (2860306)|VARIABLE_SCOPE_BEGIN|[5]|stats|Map<String,ANY>|true|false
07:06:13.0 (2914020)|VARIABLE_ASSIGNMENT|[5]|stats|{}|0x6ce42007
07:06:13.0 (2917298)|STATEMENT_EXECUTE|[6]
07:06:13.0 (2919271)|HEAP_ALLOCATE|[6]|Bytes:16
07:06:13.0 (2921394)|HEAP_ALLOCATE|[6]|Bytes:62
07:06:13.0 (2925434)|HEAP_ALLOCATE|[6]|Bytes:4
07:06:13.0 (5046918)|SOQL_EXECUTE_BEGIN|[6]|Aggregations:0|SELECT COUNT() FROM LMS_Course__c WHERE Is_Published__c = TRUE
07:06:13.0 (13835943)|SOQL_EXECUTE_EXPLAIN|[6]|TableScan on LMS_Course__c : [], cardinality: 2, sobjectCardinality: 3, relativeCost 2.3
07:06:13.0 (13859523)|SOQL_EXECUTE_END|[6]|Rows:1
07:06:13.0 (13890855)|HEAP_ALLOCATE|[6]|Bytes:4
07:06:13.0 (13926636)|HEAP_ALLOCATE|[6]|Bytes:4
07:06:13.0 (13953375)|HEAP_ALLOCATE|[EXTERNAL]|Bytes:-4
07:06:13.0 (13961649)|STATEMENT_EXECUTE|[7]
07:06:13.0 (13967202)|HEAP_ALLOCATE|[7]|Bytes:14
07:06:13.0 (13969844)|HEAP_ALLOCATE|[7]|Bytes:67
07:06:13.0 (13980813)|HEAP_ALLOCATE|[7]|Bytes:4
07:06:13.0 (15280531)|SOQL_EXECUTE_BEGIN|[7]|Aggregations:0|SELECT COUNT() FROM LMS_Enrolment__c WHERE Status__c != 'Withdrawn'
07:06:13.0 (24107765)|SOQL_EXECUTE_EXPLAIN|[7]|TableScan on LMS_Enrolment__c : [], cardinality: 1, sobjectCardinality: 1, relativeCost 0.65
07:06:13.0 (24129131)|SOQL_EXECUTE_END|[7]|Rows:0
07:06:13.0 (24156359)|HEAP_ALLOCATE|[7]|Bytes:4
07:06:13.0 (24182524)|HEAP_ALLOCATE|[7]|Bytes:4
07:06:13.0 (24201622)|HEAP_ALLOCATE|[EXTERNAL]|Bytes:-4
07:06:13.0 (24208272)|STATEMENT_EXECUTE|[8]
07:06:13.0 (24213155)|HEAP_ALLOCATE|[8]|Bytes:14
07:06:13.0 (24216420)|HEAP_ALLOCATE|[8]|Bytes:61
07:06:13.0 (24229975)|HEAP_ALLOCATE|[8]|Bytes:4
07:06:13.0 (26042526)|SOQL_EXECUTE_BEGIN|[8]|Aggregations:0|SELECT COUNT() FROM LMS_Question__c WHERE Is_Active__c = TRUE
07:06:13.0 (31767139)|SOQL_EXECUTE_EXPLAIN|[8]|TableScan on LMS_Question__c : [], cardinality: 1, sobjectCardinality: 1, relativeCost 0.65
07:06:13.0 (31787190)|SOQL_EXECUTE_END|[8]|Rows:0
07:06:13.0 (31816574)|HEAP_ALLOCATE|[8]|Bytes:4
07:06:13.0 (31842186)|HEAP_ALLOCATE|[8]|Bytes:4
07:06:13.0 (31861605)|HEAP_ALLOCATE|[EXTERNAL]|Bytes:-4
07:06:13.0 (31868614)|STATEMENT_EXECUTE|[9]
07:06:13.0 (31873798)|HEAP_ALLOCATE|[9]|Bytes:20
07:06:13.0 (31876660)|HEAP_ALLOCATE|[9]|Bytes:40
07:06:13.0 (31887920)|HEAP_ALLOCATE|[9]|Bytes:4
07:06:13.0 (32851578)|SOQL_EXECUTE_BEGIN|[9]|Aggregations:0|SELECT COUNT() FROM LMS_Certification__c
07:06:13.0 (38504284)|SOQL_EXECUTE_EXPLAIN|[9]|TableScan on LMS_Certification__c : [], cardinality: 1, sobjectCardinality: 1, relativeCost 0.65
07:06:13.0 (38528686)|SOQL_EXECUTE_END|[9]|Rows:0
07:06:13.0 (38562690)|HEAP_ALLOCATE|[9]|Bytes:4
07:06:13.0 (38590394)|HEAP_ALLOCATE|[9]|Bytes:4
07:06:13.0 (38611966)|HEAP_ALLOCATE|[EXTERNAL]|Bytes:-4
07:06:13.0 (38620490)|STATEMENT_EXECUTE|[10]
07:06:13.0 (38626517)|HEAP_ALLOCATE|[10]|Bytes:14
07:06:13.0 (38630701)|HEAP_ALLOCATE|[10]|Bytes:82
07:06:13.0 (38644196)|HEAP_ALLOCATE|[10]|Bytes:4
07:06:13.0 (40057990)|SOQL_EXECUTE_BEGIN|[10]|Aggregations:0|SELECT COUNT() FROM LMS_Quiz_Attempt__c WHERE Grading_Status__c = 'Pending Review'
07:06:13.0 (48812241)|SOQL_EXECUTE_EXPLAIN|[10]|TableScan on LMS_Quiz_Attempt__c : [], cardinality: 0, sobjectCardinality: 1, relativeCost 0
07:06:13.0 (48832772)|SOQL_EXECUTE_END|[10]|Rows:0
07:06:13.0 (48861845)|HEAP_ALLOCATE|[10]|Bytes:4
07:06:13.0 (48887591)|HEAP_ALLOCATE|[10]|Bytes:4
07:06:13.0 (48906798)|HEAP_ALLOCATE|[EXTERNAL]|Bytes:-4
07:06:13.0 (48913677)|STATEMENT_EXECUTE|[11]
07:06:13.0 (48918160)|HEAP_ALLOCATE|[11]|Bytes:36
07:06:13.0 (48929926)|HEAP_ALLOCATE|[11]|Bytes:4
07:06:13.0 (49064099)|SOQL_EXECUTE_BEGIN|[11]|Aggregations:0|SELECT COUNT() FROM LMS_Enrolment__c
07:06:13.0 (53545651)|SOQL_EXECUTE_EXPLAIN|[11]|TableScan on LMS_Enrolment__c : [], cardinality: 1, sobjectCardinality: 1, relativeCost 0.65
07:06:13.0 (53566296)|SOQL_EXECUTE_END|[11]|Rows:0
07:06:13.0 (53595615)|HEAP_ALLOCATE|[11]|Bytes:4
07:06:13.0 (53611011)|VARIABLE_SCOPE_BEGIN|[11]|total|Integer|false|false
07:06:13.0 (53617977)|HEAP_ALLOCATE|[11]|Bytes:4
07:06:13.0 (53632590)|VARIABLE_ASSIGNMENT|[11]|total|0
07:06:13.0 (53636586)|STATEMENT_EXECUTE|[12]
07:06:13.0 (53641234)|HEAP_ALLOCATE|[12]|Bytes:66
07:06:13.0 (53654375)|HEAP_ALLOCATE|[12]|Bytes:4
07:06:13.0 (53851665)|SOQL_EXECUTE_BEGIN|[12]|Aggregations:0|SELECT COUNT() FROM LMS_Enrolment__c WHERE Status__c = 'Certified'
07:06:13.0 (59536953)|SOQL_EXECUTE_EXPLAIN|[12]|TableScan on LMS_Enrolment__c : [], cardinality: 0, sobjectCardinality: 1, relativeCost 0
07:06:13.0 (59558456)|SOQL_EXECUTE_END|[12]|Rows:0
07:06:13.0 (59588437)|HEAP_ALLOCATE|[12]|Bytes:4
07:06:13.0 (59604842)|VARIABLE_SCOPE_BEGIN|[12]|completed|Integer|false|false
07:06:13.0 (59611438)|HEAP_ALLOCATE|[12]|Bytes:4
07:06:13.0 (59626623)|VARIABLE_ASSIGNMENT|[12]|completed|0
07:06:13.0 (59630417)|STATEMENT_EXECUTE|[13]
07:06:13.0 (59635833)|HEAP_ALLOCATE|[13]|Bytes:14
07:06:13.0 (59673379)|HEAP_ALLOCATE|[95]|Bytes:4
07:06:13.0 (59704985)|HEAP_ALLOCATE|[13]|Bytes:12
07:06:13.0 (59771275)|HEAP_ALLOCATE|[EXTERNAL]|Bytes:-4
07:06:13.0 (59777758)|STATEMENT_EXECUTE|[14]
07:06:13.59 (59839078)|CUMULATIVE_LIMIT_USAGE
07:06:13.59 (59839078)|LIMIT_USAGE_FOR_NS|(default)|
  Number of SOQL queries: 7 out of 100
  Number of query rows: 7 out of 50000
  Number of SOSL queries: 0 out of 20
  Number of DML statements: 0 out of 0
  Number of Publish Immediate DML: 0 out of 150
  Number of DML rows: 0 out of 10000
  Maximum CPU time: 0 out of 10000
  Maximum heap size: 0 out of 6000000
  Number of callouts: 0 out of 100
  Number of Email Invocations: 0 out of 10
  Number of future calls: 0 out of 50
  Number of queueable jobs added to the queue: 0 out of 50
  Number of Mobile Apex push calls: 0 out of 10

07:06:13.59 (59839078)|TOTAL_EMAIL_RECIPIENTS_QUEUED|0
07:06:13.59 (59839078)|STATIC_VARIABLE_LIST|
  int:BYTES:0
  int:BYTES:0
  int:BYTES:0
  byte[]:DigitOnes:0
  byte[]:DigitTens:0
  Boolean:FALSE:0
  int:MAX_EXPONENT:0
  double:MAX_VALUE:0
  int:MAX_VALUE:0
  long:MAX_VALUE:0
  int:MIN_EXPONENT:0
  double:MIN_NORMAL:0
  double:MIN_VALUE:0
  int:MIN_VALUE:0
  long:MIN_VALUE:0
  double:NEGATIVE_INFINITY:0
  double:NaN:0
  double:POSITIVE_INFINITY:0
  int:PRECISION:0
  int:SIZE:0
  int:SIZE:0
  int:SIZE:0
  Boolean:TRUE:0
  String:_sfdcAdditionalCodeLocations:0
  char[]:digits:0
  long:serialVersionUID:0
  long:serialVersionUID:0
  long:serialVersionUID:0
  long:serialVersionUID:0

07:06:13.59 (59839078)|CUMULATIVE_LIMIT_USAGE_END

07:06:13.0 (62142525)|CODE_UNIT_FINISHED|LMSCourseController.getDashboardStats()
07:06:13.62 (62190443)|CUMULATIVE_PROFILING_BEGIN
07:06:13.62 (62190443)|CUMULATIVE_PROFILING|SOQL operations|
Class.LMSCourseController.getDashboardStats: line 6, column 1: [SELECT COUNT() FROM LMS_Course__c WHERE Is_Published__c = true]: executed 2 times in 11 ms
Class.LMSCourseController.getDashboardStats: line 7, column 1: [SELECT COUNT() FROM LMS_Enrolment__c WHERE Status__c != 'Withdrawn']: executed 2 times in 10 ms
Class.LMSCourseController.getDashboardStats: line 10, column 1: [SELECT COUNT() FROM LMS_Quiz_Attempt__c WHERE Grading_Status__c = 'Pending Review']: executed 2 times in 10 ms
Class.LMSCourseController.getDashboardStats: line 8, column 1: [SELECT COUNT() FROM LMS_Question__c WHERE Is_Active__c = true]: executed 2 times in 8 ms
Class.LMSCourseController.getDashboardStats: line 9, column 1: [SELECT COUNT() FROM LMS_Certification__c]: executed 2 times in 7 ms
Class.LMSCourseController.getDashboardStats: line 12, column 1: [SELECT COUNT() FROM LMS_Enrolment__c WHERE Status__c = 'Certified']: executed 1 time in 6 ms
Class.LMSCourseController.getDashboardStats: line 11, column 1: [SELECT COUNT() FROM LMS_Enrolment__c]: executed 1 time in 5 ms

07:06:13.62 (62190443)|CUMULATIVE_PROFILING|No profiling information for SOSL operations
07:06:13.62 (62190443)|CUMULATIVE_PROFILING|No profiling information for DML operations
07:06:13.62 (62190443)|CUMULATIVE_PROFILING|method invocations|
External entry point: public static Map<String,ANY> getDashboardStats(): executed 1 time in 58 ms
Class.LMSCourseController.getDashboardStats: line 13, column 1: global public Object put(Object, Object): executed 1 time in 0 ms

07:06:13.62 (62190443)|CUMULATIVE_PROFILING_END
07:06:13.0 (62477541)|CODE_UNIT_FINISHED|apex://LMSCourseController/ACTION$getDashboardStats
07:06:13.0 (62487227)|EXECUTION_FINISHED
