67.0 APEX_CODE,FINEST;APEX_PROFILING,FINE;CALLOUT,INFO;DATA_ACCESS,INFO;DB,FINEST;NBA,INFO;SYSTEM,DEBUG;VALIDATION,INFO;VISUALFORCE,FINER;WAVE,INFO;WORKFLOW,FINE
08:05:03.3 (3425264)|USER_INFO|[EXTERNAL]|005Ec00000ZXoEn|nikhil.gaurav@cloudcacheconsulting.com|(GMT-04:00) Eastern Daylight Time (America/New_York)|GMT-04:00
08:05:03.3 (3459833)|EXECUTION_STARTED
08:05:03.3 (3472288)|CODE_UNIT_STARTED|[EXTERNAL]|apex://LMSCourseController/ACTION$getCourseList
08:05:03.3 (5049301)|CODE_UNIT_STARTED|[EXTERNAL]|01pEc00000w5hao|LMSCourseController.getCourseList()
08:05:03.3 (5405220)|HEAP_ALLOCATE|[95]|Bytes:3
08:05:03.3 (5479219)|HEAP_ALLOCATE|[100]|Bytes:152
08:05:03.3 (5491660)|HEAP_ALLOCATE|[417]|Bytes:408
08:05:03.3 (5502095)|HEAP_ALLOCATE|[430]|Bytes:408
08:05:03.3 (5519959)|HEAP_ALLOCATE|[317]|Bytes:6
08:05:03.3 (5552122)|HEAP_ALLOCATE|[EXTERNAL]|Bytes:40
08:05:03.3 (5560806)|METHOD_ENTRY|[1]|01pEc00000w5hao|LMSCourseController.LMSCourseController()
08:05:03.3 (5565505)|STATEMENT_EXECUTE|[1]
08:05:03.3 (5572215)|STATEMENT_EXECUTE|[1]
08:05:03.3 (5589445)|HEAP_ALLOCATE|[68]|Bytes:5
08:05:03.3 (5610388)|HEAP_ALLOCATE|[74]|Bytes:5
08:05:03.3 (5614976)|HEAP_ALLOCATE|[82]|Bytes:7
08:05:03.3 (5866054)|HEAP_ALLOCATE|[EXTERNAL]|Bytes:5
08:05:03.3 (5878019)|METHOD_EXIT|[1]|LMSCourseController
08:05:03.3 (5888957)|HEAP_ALLOCATE|[19]|Bytes:5
08:05:03.3 (5891434)|STATEMENT_EXECUTE|[18]
08:05:03.3 (5892417)|STATEMENT_EXECUTE|[19]
08:05:03.3 (5894574)|HEAP_ALLOCATE|[19]|Bytes:234
08:05:03.3 (5907697)|HEAP_ALLOCATE|[19]|Bytes:4
08:05:03.3 (26865061)|SOQL_EXECUTE_BEGIN|[19]|Aggregations:2|SELECT Id, Name, Course_Code__c, Category__c, Is_Published__c, Start_Date__c, End_Date__c, Requires_Approval__c, (SELECT Id FROM LMS_Enrolments__r), (SELECT Id FROM LMS_Course_Class__r) FROM LMS_Course__c ORDER BY Name ASC NULLS FIRST
08:05:03.3 (98636905)|SOQL_EXECUTE_EXPLAIN|[19]|TableScan on LMS_Course__c : [], cardinality: 2, sobjectCardinality: 4, relativeCost 2.3
08:05:03.3 (98654164)|SOQL_EXECUTE_END|[19]|Rows:4
08:05:03.3 (98695017)|HEAP_ALLOCATE|[19]|Bytes:20
08:05:03.3 (98731033)|HEAP_ALLOCATE|[19]|Bytes:924
08:05:03.3 (98787605)|HEAP_ALLOCATE|[19]|Bytes:20
08:05:03.98 (98868897)|CUMULATIVE_LIMIT_USAGE
08:05:03.98 (98868897)|LIMIT_USAGE_FOR_NS|(default)|
  Number of SOQL queries: 1 out of 100
  Number of query rows: 8 out of 50000
  Number of SOSL queries: 0 out of 20
  Number of DML statements: 0 out of 0
  Number of Publish Immediate DML: 0 out of 150
  Number of DML rows: 0 out of 10000
  Maximum CPU time: 0 out of 10000
  Maximum heap size: 0 out of 6000000
  Number of callouts: 0 out of 100
  Number of Email Invocations: 0 out of 10
  Number of future calls: 0 out of 50
  Number of queueable jobs added to the queue: 0 out of 50
  Number of Mobile Apex push calls: 0 out of 10

08:05:03.98 (98868897)|TOTAL_EMAIL_RECIPIENTS_QUEUED|0
08:05:03.98 (98868897)|STATIC_VARIABLE_LIST|
  int:BYTES:0
  int:BYTES:0
  byte[]:DigitOnes:0
  byte[]:DigitTens:0
  Boolean:FALSE:0
  int:MAX_EXPONENT:0
  double:MAX_VALUE:0
  int:MAX_VALUE:0
  int:MIN_EXPONENT:0
  double:MIN_NORMAL:0
  double:MIN_VALUE:0
  int:MIN_VALUE:0
  double:NEGATIVE_INFINITY:0
  double:NaN:0
  double:POSITIVE_INFINITY:0
  int:PRECISION:0
  int:SIZE:0
  int:SIZE:0
  Boolean:TRUE:0
  String:_sfdcAdditionalCodeLocations:0
  char[]:digits:0
  long:serialVersionUID:0
  long:serialVersionUID:0
  long:serialVersionUID:0

08:05:03.98 (98868897)|CUMULATIVE_LIMIT_USAGE_END

08:05:03.3 (100867983)|CODE_UNIT_FINISHED|LMSCourseController.getCourseList()
08:05:03.100 (100895064)|CUMULATIVE_PROFILING_BEGIN
08:05:03.100 (100895064)|CUMULATIVE_PROFILING|SOQL operations|
Class.LMSCourseController.getCourseList: line 19, column 1: [
            SELECT Id, Name, Course_Code__c, Category__c, Is_Published__c, Start_Date__c, End_Date__c,
                   Requires_Approval__c,
                   (SELECT Id FROM LMS_Enrolments__r),
                   (SELECT Id FROM LMS_Course_Class__r)
            FROM LMS_Course__c ORDER BY Name ASC
        ]: executed 1 time in 93 ms

08:05:03.100 (100895064)|CUMULATIVE_PROFILING|No profiling information for SOSL operations
08:05:03.100 (100895064)|CUMULATIVE_PROFILING|No profiling information for DML operations
08:05:03.100 (100895064)|CUMULATIVE_PROFILING|method invocations|
External entry point: public static List<LMS_Course__c> getCourseList(): executed 1 time in 94 ms

08:05:03.100 (100895064)|CUMULATIVE_PROFILING_END
08:05:03.3 (101232534)|CODE_UNIT_FINISHED|apex://LMSCourseController/ACTION$getCourseList
08:05:03.3 (101240122)|EXECUTION_FINISHED
