66.0 APEX_CODE,FINEST;APEX_PROFILING,FINE;CALLOUT,INFO;DATA_ACCESS,INFO;DB,FINEST;NBA,INFO;SYSTEM,DEBUG;VALIDATION,INFO;VISUALFORCE,FINER;WAVE,INFO;WORKFLOW,FINE
07:06:12.0 (804375)|USER_INFO|[EXTERNAL]|005Ec00000ZXoEn|nikhil.gaurav@cloudcacheconsulting.com|(GMT-04:00) Eastern Daylight Time (America/New_York)|GMT-04:00
07:06:12.0 (844609)|EXECUTION_STARTED
07:06:12.0 (860667)|CODE_UNIT_STARTED|[EXTERNAL]|apex://LMSCourseController/ACTION$getCourseList
07:06:12.0 (2040352)|CODE_UNIT_STARTED|[EXTERNAL]|01pEc00000w5hao|LMSCourseController.getCourseList()
07:06:12.0 (2481381)|HEAP_ALLOCATE|[95]|Bytes:3
07:06:12.0 (2567074)|HEAP_ALLOCATE|[100]|Bytes:152
07:06:12.0 (2579923)|HEAP_ALLOCATE|[417]|Bytes:408
07:06:12.0 (2591150)|HEAP_ALLOCATE|[430]|Bytes:408
07:06:12.0 (2610315)|HEAP_ALLOCATE|[317]|Bytes:6
07:06:12.0 (2619039)|HEAP_ALLOCATE|[EXTERNAL]|Bytes:36
07:06:12.0 (2629203)|METHOD_ENTRY|[1]|01pEc00000w5hao|LMSCourseController.LMSCourseController()
07:06:12.0 (2635206)|STATEMENT_EXECUTE|[1]
07:06:12.0 (2640454)|STATEMENT_EXECUTE|[1]
07:06:12.0 (2656051)|HEAP_ALLOCATE|[68]|Bytes:5
07:06:12.0 (2674333)|HEAP_ALLOCATE|[74]|Bytes:5
07:06:12.0 (2678946)|HEAP_ALLOCATE|[82]|Bytes:7
07:06:12.0 (3123093)|HEAP_ALLOCATE|[EXTERNAL]|Bytes:5
07:06:12.0 (3139272)|METHOD_EXIT|[1]|LMSCourseController
07:06:12.0 (3152027)|HEAP_ALLOCATE|[19]|Bytes:5
07:06:12.0 (3155251)|STATEMENT_EXECUTE|[18]
07:06:12.0 (3156682)|STATEMENT_EXECUTE|[19]
07:06:12.0 (3159431)|HEAP_ALLOCATE|[19]|Bytes:212
07:06:12.0 (3174767)|HEAP_ALLOCATE|[19]|Bytes:4
07:06:12.0 (7462038)|SOQL_EXECUTE_BEGIN|[19]|Aggregations:2|SELECT Id, Name, Course_Code__c, Category__c, Is_Published__c, Start_Date__c, End_Date__c, (SELECT Id FROM LMS_Enrolments__r), (SELECT Id FROM LMS_Course_Class__r) FROM LMS_Course__c ORDER BY Name ASC NULLS FIRST
07:06:12.0 (38793234)|SOQL_EXECUTE_EXPLAIN|[19]|TableScan on LMS_Course__c : [], cardinality: 3, sobjectCardinality: 3, relativeCost 2.95
07:06:12.0 (38820391)|SOQL_EXECUTE_END|[19]|Rows:3
07:06:12.0 (38852005)|HEAP_ALLOCATE|[19]|Bytes:16
07:06:12.0 (38875749)|HEAP_ALLOCATE|[19]|Bytes:313
07:06:12.0 (38909426)|HEAP_ALLOCATE|[19]|Bytes:16
07:06:12.38 (38978335)|CUMULATIVE_LIMIT_USAGE
07:06:12.38 (38978335)|LIMIT_USAGE_FOR_NS|(default)|
  Number of SOQL queries: 1 out of 100
  Number of query rows: 4 out of 50000
  Number of SOSL queries: 0 out of 20
  Number of DML statements: 0 out of 0
  Number of Publish Immediate DML: 0 out of 150
  Number of DML rows: 0 out of 10000
  Maximum CPU time: 0 out of 10000
  Maximum heap size: 0 out of 6000000
  Number of callouts: 0 out of 100
  Number of Email Invocations: 0 out of 10
  Number of future calls: 0 out of 50
  Number of queueable jobs added to the queue: 0 out of 50
  Number of Mobile Apex push calls: 0 out of 10

07:06:12.38 (38978335)|TOTAL_EMAIL_RECIPIENTS_QUEUED|0
07:06:12.38 (38978335)|STATIC_VARIABLE_LIST|
  int:BYTES:0
  int:BYTES:0
  byte[]:DigitOnes:0
  byte[]:DigitTens:0
  Boolean:FALSE:0
  int:MAX_EXPONENT:0
  double:MAX_VALUE:0
  int:MAX_VALUE:0
  int:MIN_EXPONENT:0
  double:MIN_NORMAL:0
  double:MIN_VALUE:0
  int:MIN_VALUE:0
  double:NEGATIVE_INFINITY:0
  double:NaN:0
  double:POSITIVE_INFINITY:0
  int:PRECISION:0
  int:SIZE:0
  int:SIZE:0
  Boolean:TRUE:0
  String:_sfdcAdditionalCodeLocations:0
  char[]:digits:0
  long:serialVersionUID:0
  long:serialVersionUID:0
  long:serialVersionUID:0

07:06:12.38 (38978335)|CUMULATIVE_LIMIT_USAGE_END

07:06:12.0 (41371178)|CODE_UNIT_FINISHED|LMSCourseController.getCourseList()
07:06:12.41 (41407689)|CUMULATIVE_PROFILING_BEGIN
07:06:12.41 (41407689)|CUMULATIVE_PROFILING|SOQL operations|
Class.LMSCourseController.getCourseList: line 19, column 1: [
            SELECT Id, Name, Course_Code__c, Category__c, Is_Published__c, Start_Date__c, End_Date__c,
                   (SELECT Id FROM LMS_Enrolments__r),
                   (SELECT Id FROM LMS_Course_Class__r)
            FROM LMS_Course__c ORDER BY Name ASC
        ]: executed 1 time in 36 ms

07:06:12.41 (41407689)|CUMULATIVE_PROFILING|No profiling information for SOSL operations
07:06:12.41 (41407689)|CUMULATIVE_PROFILING|No profiling information for DML operations
07:06:12.41 (41407689)|CUMULATIVE_PROFILING|method invocations|
External entry point: public static List<LMS_Course__c> getCourseList(): executed 1 time in 37 ms

07:06:12.41 (41407689)|CUMULATIVE_PROFILING_END
07:06:12.0 (41903511)|CODE_UNIT_FINISHED|apex://LMSCourseController/ACTION$getCourseList
07:06:12.0 (41915016)|EXECUTION_FINISHED
